0 info it worked if it ends with ok
1 verbose cli [ 'C:\\Program Files (x86)\\Nodist\\v-x64\\11.3.0\\node.exe',
1 verbose cli   'C:\\Program Files (x86)\\Nodist\\npmv\\4.0.5\\bin\\npm-cli.js',
1 verbose cli   'run',
1 verbose cli   'dev' ]
2 info using npm@4.0.5
3 info using node@v11.3.0
4 verbose run-script [ 'predev', 'dev', 'postdev' ]
5 info lifecycle sugaryart@1.0.0~predev: sugaryart@1.0.0
6 warn lifecycle The node binary used for scripts is C:\Program Files (x86)\Nodist\bin\node.exe but npm is using C:\Program Files (x86)\Nodist\v-x64\11.3.0\node.exe itself. Use the `--scripts-prepend-node-path` option to include the path for the node binary npm was executed with.
7 silly lifecycle sugaryart@1.0.0~predev: no script for predev, continuing
8 info lifecycle sugaryart@1.0.0~dev: sugaryart@1.0.0
9 verbose lifecycle sugaryart@1.0.0~dev: unsafe-perm in lifecycle true
10 verbose lifecycle sugaryart@1.0.0~dev: PATH: C:\Program Files (x86)\Nodist\npmv\4.0.5\bin\node-gyp-bin;C:\Users\roger\projects\3p\demo-populate-psr\node_modules\.bin;C:\ProgramData\Oracle\Java\javapath;C:\WINDOWS\system32;C:\WINDOWS;C:\WINDOWS\System32\Wbem;C:\WINDOWS\System32\WindowsPowerShell\v1.0\;C:\Program Files\Git\cmd;C:\Program Files (x86)\Nodist\bin;C:\WINDOWS\System32\OpenSSH\;C:\Program Files\TortoiseGit\bin;C:\Users\roger\AppData\Local\Programs\Python\Python36\Scripts\;C:\Users\roger\AppData\Local\Programs\Python\Python36\;C:\Users\roger\AppData\Local\Microsoft\WindowsApps;C:\Users\roger\AppData\Local\atom\bin;C:\Users\roger\AppData\Local\Microsoft\WindowsApps;C:\Users\roger\AppData\Local\Android\Sdk\platform-tools;;C:\Users\roger\AppData\Local\Programs\Microsoft VS Code\bin;C:\Program Files\heroku\bin
11 verbose lifecycle sugaryart@1.0.0~dev: CWD: C:\Users\roger\projects\3p\demo-populate-psr
12 silly lifecycle sugaryart@1.0.0~dev: Args: [ '/d /s /c', 'concurrently "npm:webpack-dev" "npm:nodemon"' ]
13 silly lifecycle sugaryart@1.0.0~dev: Returned: code: 1  signal: null
14 info lifecycle sugaryart@1.0.0~dev: Failed to exec dev script
15 verbose stack Error: sugaryart@1.0.0 dev: `concurrently "npm:webpack-dev" "npm:nodemon"`
15 verbose stack Exit status 1
15 verbose stack     at EventEmitter.<anonymous> (C:\Program Files (x86)\Nodist\npmv\4.0.5\lib\utils\lifecycle.js:279:16)
15 verbose stack     at EventEmitter.emit (events.js:182:13)
15 verbose stack     at ChildProcess.<anonymous> (C:\Program Files (x86)\Nodist\npmv\4.0.5\lib\utils\spawn.js:40:14)
15 verbose stack     at ChildProcess.emit (events.js:182:13)
15 verbose stack     at maybeClose (internal/child_process.js:978:16)
15 verbose stack     at Process.ChildProcess._handle.onexit (internal/child_process.js:265:5)
16 verbose pkgid sugaryart@1.0.0
17 verbose cwd C:\Users\roger\projects\3p\demo-populate-psr
18 error Windows_NT 10.0.17134
19 error argv "C:\\Program Files (x86)\\Nodist\\v-x64\\11.3.0\\node.exe" "C:\\Program Files (x86)\\Nodist\\npmv\\4.0.5\\bin\\npm-cli.js" "run" "dev"
20 error node v11.3.0
21 error npm  v4.0.5
22 error code ELIFECYCLE
23 error sugaryart@1.0.0 dev: `concurrently "npm:webpack-dev" "npm:nodemon"`
23 error Exit status 1
24 error Failed at the sugaryart@1.0.0 dev script 'concurrently "npm:webpack-dev" "npm:nodemon"'.
24 error Make sure you have the latest version of node.js and npm installed.
24 error If you do, this is most likely a problem with the sugaryart package,
24 error not with npm itself.
24 error Tell the author that this fails on your system:
24 error     concurrently "npm:webpack-dev" "npm:nodemon"
24 error You can get information on how to open an issue for this project with:
24 error     npm bugs sugaryart
24 error Or if that isn't available, you can get their info via:
24 error     npm owner ls sugaryart
24 error There is likely additional logging output above.
25 verbose exit [ 1, true ]
